<?xml version="1.0" encoding="UTF-8"?>
<!-- Generated by org.testng.reporters.JUnitXMLReporter -->
<testsuite hostname="Suvrajit-PC" name="Payment Tests" tests="3" failures="0" timestamp="26 Jan 2019 10:34:33 GMT" time="0.151" errors="0">
  <testcase name="PayementinDollar" time="0.056" classname="TestNGFeature.PaymentTest"/>
  <testcase name="PayementinRupess" time="0.006" classname="TestNGFeature.PaymentTest"/>
  <testcase name="paymentreturnedBybank" time="0.005" classname="TestNGFeature.PaymentReturn"/>
</testsuite> <!-- Payment Tests -->
