<?xml version="1.0" encoding="UTF-8"?>
<testng-results skipped="0" failed="0" ignored="0" total="1" passed="1">
  <reporter-output>
  </reporter-output>
  <suite name="MyTestSuite" duration-ms="1959" started-at="2019-09-01T15:00:00Z" finished-at="2019-09-01T15:00:02Z">
    <groups>
      <group name="Tokengeneration">
        <method signature="Tokengeneration.TokenGen(java.lang.String)[pri:0, instance:cRMAPIpckg.Tokengeneration@6ea6d14e]" name="TokenGen" class="cRMAPIpckg.Tokengeneration"/>
      </group> <!-- Tokengeneration -->
    </groups>
    <test name="Mytests" duration-ms="1959" started-at="2019-09-01T15:00:00Z" finished-at="2019-09-01T15:00:02Z">
      <class name="cRMAPIpckg.Tokengeneration">
        <test-method status="PASS" signature="TokenGen(java.lang.String)[pri:0, instance:cRMAPIpckg.Tokengeneration@6ea6d14e]" name="TokenGen" duration-ms="1899" started-at="2019-09-01T16:00:00Z" finished-at="2019-09-01T16:00:02Z">
          <params>
            <param index="0">
              <value>
                <![CDATA[UAT2]]>
              </value>
            </param>
          </params>
          <reporter-output>
          </reporter-output>
        </test-method> <!-- TokenGen -->
      </class> <!-- cRMAPIpckg.Tokengeneration -->
    </test> <!-- Mytests -->
  </suite> <!-- MyTestSuite -->
</testng-results>
