<?xml version="1.0" encoding="UTF-8"?>
<!-- Generated by org.testng.reporters.JUnitXMLReporter -->
<testsuite hostname="Suvrajit-PC" name="Payment Tests" tests="3" failures="0" timestamp="26 Jan 2019 11:27:56 GMT" time="0.026" errors="0">
  <testcase name="PayementinDollar" time="0.005" classname="TestNGFeature.PaymentTest"/>
  <testcase name="PayementinRupess" time="0.003" classname="TestNGFeature.PaymentTest"/>
  <testcase name="paymentreturnedBybank" time="0.004" classname="TestNGFeature.PaymentReturn"/>
</testsuite> <!-- Payment Tests -->
