<?xml version="1.0" encoding="UTF-8"?>
<!-- Generated by org.testng.reporters.JUnitXMLReporter -->
<testsuite hostname="Suvrajit-PC" name="Basic TestSuite" tests="6" failures="0" timestamp="26 Jan 2019 11:27:56 GMT" time="0.125" errors="0">
  <testcase name="test3" time="0.023" classname="TestNGFeature.annotation2"/>
  <testcase name="test1" time="0.004" classname="TestNGFeature.annotation"/>
  <testcase name="test2" time="0.003" classname="TestNGFeature.annotation"/>
  <testcase name="loginviaEmail" time="0.006" classname="TestNGFeature.RunningTestBatch"/>
  <testcase name="loginviaFacebook" time="0.004" classname="TestNGFeature.RunningTestBatch"/>
  <testcase name="loginviaTwitter" time="0.003" classname="TestNGFeature.RunningTestBatch"/>
</testsuite> <!-- Basic TestSuite -->
